<?xml version="1.0" encoding="UTF-8"?>
<testng-results ignored="0" total="4" passed="4" failed="0" skipped="0">
  <reporter-output>
  </reporter-output>
  <suite started-at="2025-08-08T10:40:24 IST" name="Default suite" finished-at="2025-08-08T10:40:35 IST" duration-ms="11490">
    <groups>
      <group name="cucumber">
        <method signature="AbstractTestNGCucumberTests.runScenario(io.cucumber.testng.PickleWrapper,io.cucumber.testng.FeatureWrapper)[pri:0, instance:TestRunner.CucumberTestNGRunner@66f57048]" name="runScenario" class="io.cucumber.testng.AbstractTestNGCucumberTests"/>
      </group> <!-- cucumber -->
    </groups>
    <test started-at="2025-08-08T10:40:24 IST" name="Default test" finished-at="2025-08-08T10:40:35 IST" duration-ms="11490">
      <class name="TestRunner.CucumberTestNGRunner">
        <test-method is-config="true" signature="setUpClass(org.testng.ITestContext)[pri:0, instance:TestRunner.CucumberTestNGRunner@66f57048]" started-at="2025-08-08T10:40:24 IST" name="setUpClass" finished-at="2025-08-08T10:40:25 IST" duration-ms="737" status="PASS">
          <params>
            <param index="0">
              <value>
                <![CDATA[org.testng.TestRunner@553fbe94]]>
              </value>
            </param>
          </params>
          <reporter-output>
          </reporter-output>
        </test-method> <!-- setUpClass -->
        <test-method signature="runScenario(io.cucumber.testng.PickleWrapper,io.cucumber.testng.FeatureWrapper)[pri:0, instance:TestRunner.CucumberTestNGRunner@66f57048]" started-at="2025-08-08T10:40:25 IST" name="runScenario" description="Runs Cucumber Scenarios" data-provider="scenarios" finished-at="2025-08-08T10:40:28 IST" duration-ms="3199" status="PASS">
          <params>
            <param index="0">
              <value>
                <![CDATA["To validate the post request"]]>
              </value>
            </param>
            <param index="1">
              <value>
                <![CDATA["To validate the rahul sheety endpoints with the given request"]]>
              </value>
            </param>
          </params>
          <reporter-output>
          </reporter-output>
        </test-method> <!-- runScenario -->
        <test-method signature="runScenario(io.cucumber.testng.PickleWrapper,io.cucumber.testng.FeatureWrapper)[pri:0, instance:TestRunner.CucumberTestNGRunner@66f57048]" started-at="2025-08-08T10:40:28 IST" name="runScenario" description="Runs Cucumber Scenarios" data-provider="scenarios" finished-at="2025-08-08T10:40:30 IST" duration-ms="2199" status="PASS">
          <params>
            <param index="0">
              <value>
                <![CDATA["to validate the get request"]]>
              </value>
            </param>
            <param index="1">
              <value>
                <![CDATA["To validate the rahul sheety endpoints with the given request"]]>
              </value>
            </param>
          </params>
          <reporter-output>
          </reporter-output>
        </test-method> <!-- runScenario -->
        <test-method signature="runScenario(io.cucumber.testng.PickleWrapper,io.cucumber.testng.FeatureWrapper)[pri:0, instance:TestRunner.CucumberTestNGRunner@66f57048]" started-at="2025-08-08T10:40:30 IST" name="runScenario" description="Runs Cucumber Scenarios" data-provider="scenarios" finished-at="2025-08-08T10:40:33 IST" duration-ms="2629" status="PASS">
          <params>
            <param index="0">
              <value>
                <![CDATA["to validate the put request"]]>
              </value>
            </param>
            <param index="1">
              <value>
                <![CDATA["To validate the rahul sheety endpoints with the given request"]]>
              </value>
            </param>
          </params>
          <reporter-output>
          </reporter-output>
        </test-method> <!-- runScenario -->
        <test-method signature="runScenario(io.cucumber.testng.PickleWrapper,io.cucumber.testng.FeatureWrapper)[pri:0, instance:TestRunner.CucumberTestNGRunner@66f57048]" started-at="2025-08-08T10:40:33 IST" name="runScenario" description="Runs Cucumber Scenarios" data-provider="scenarios" finished-at="2025-08-08T10:40:35 IST" duration-ms="2654" status="PASS">
          <params>
            <param index="0">
              <value>
                <![CDATA["to validate the put request"]]>
              </value>
            </param>
            <param index="1">
              <value>
                <![CDATA["To validate the rahul sheety endpoints with the given request"]]>
              </value>
            </param>
          </params>
          <reporter-output>
          </reporter-output>
        </test-method> <!-- runScenario -->
        <test-method is-config="true" signature="tearDownClass()[pri:0, instance:TestRunner.CucumberTestNGRunner@66f57048]" started-at="2025-08-08T10:40:35 IST" name="tearDownClass" finished-at="2025-08-08T10:40:35 IST" duration-ms="20" status="PASS">
          <reporter-output>
          </reporter-output>
        </test-method> <!-- tearDownClass -->
      </class> <!-- TestRunner.CucumberTestNGRunner -->
    </test> <!-- Default test -->
  </suite> <!-- Default suite -->
</testng-results>
